<?xml version="1.0" encoding="UTF-8"?>
<robot generator="Robot 3.2.2 (Python 3.9.1 on win32)" generated="20210127 17:59:26.832" rpa="false">
<suite id="s1" name="Appium Project" source="C:\Robot_framework\Robot_workspace\appium_project">
<suite id="s1-s1" name="myTS" source="C:\Robot_framework\Robot_workspace\appium_project\myTS">
<suite id="s1-s1-s1" name="Login Suite" source="C:\Robot_framework\Robot_workspace\appium_project\myTS\login_suite.robot">
<test id="s1-s1-s1-t1" name="TC1_VerificationCredential">
<kw name="Open Application" library="AppiumLibrary">
<doc>Opens a new application to given Appium server.
Capabilities of appium server, Android and iOS,
Please check https://github.com/appium/appium/blob/master/docs/en/writing-running-appium/server-args.md
| *Option*            | *Man.* | *Description*     |
| remote_url          | Yes    | Appium server url |
| alias               | no     | alias             |</doc>
<arguments>
<arg>http://localhost:4723/wd/hub</arg>
<arg>deviceName=Oneplus</arg>
<arg>platformName=Android</arg>
<arg>appPackage=com.myntra.android</arg>
<arg>appActivity=com.myntra.android.SplashActivity</arg>
<arg>noReset=True</arg>
</arguments>
<status status="PASS" starttime="20210127 17:59:27.289" endtime="20210127 17:59:42.713"></status>
</kw>
<kw name="Set Appium Timeout" library="AppiumLibrary">
<doc>Sets the timeout in seconds used by various keywords.</doc>
<arguments>
<arg>30s</arg>
</arguments>
<status status="PASS" starttime="20210127 17:59:42.714" endtime="20210127 17:59:42.714"></status>
</kw>
<kw name="Wait Until Page Contains Element" library="AppiumLibrary">
<doc>Waits until element specified with `locator` appears on current page.</doc>
<arguments>
<arg>//*[@text='Profile']</arg>
</arguments>
<status status="PASS" starttime="20210127 17:59:42.715" endtime="20210127 17:59:45.431"></status>
</kw>
<kw name="Click Element" library="AppiumLibrary">
<doc>Click element identified by `locator`.</doc>
<arguments>
<arg>//*[@text='Profile']</arg>
</arguments>
<msg timestamp="20210127 17:59:45.433" level="INFO">Clicking element '//*[@text='Profile']'.</msg>
<status status="PASS" starttime="20210127 17:59:45.431" endtime="20210127 17:59:46.151"></status>
</kw>
<kw name="Wait Until Page Contains Element" library="AppiumLibrary">
<doc>Waits until element specified with `locator` appears on current page.</doc>
<arguments>
<arg>//*[@text='LOG IN/SIGN UP']</arg>
</arguments>
<status status="PASS" starttime="20210127 17:59:46.151" endtime="20210127 17:59:47.716"></status>
</kw>
<kw name="Click Element" library="AppiumLibrary">
<doc>Click element identified by `locator`.</doc>
<arguments>
<arg>//*[@text='LOG IN/SIGN UP']</arg>
</arguments>
<msg timestamp="20210127 17:59:47.719" level="INFO">Clicking element '//*[@text='LOG IN/SIGN UP']'.</msg>
<status status="PASS" starttime="20210127 17:59:47.717" endtime="20210127 17:59:48.373"></status>
</kw>
<kw name="Wait Until Page Contains Element" library="AppiumLibrary">
<doc>Waits until element specified with `locator` appears on current page.</doc>
<arguments>
<arg>//*[@content-desc='mobile']</arg>
</arguments>
<status status="PASS" starttime="20210127 17:59:48.374" endtime="20210127 17:59:49.406"></status>
</kw>
<kw name="Click Element" library="AppiumLibrary">
<doc>Click element identified by `locator`.</doc>
<arguments>
<arg>//*[@content-desc='mobile']</arg>
</arguments>
<msg timestamp="20210127 17:59:49.408" level="INFO">Clicking element '//*[@content-desc='mobile']'.</msg>
<status status="PASS" starttime="20210127 17:59:49.407" endtime="20210127 17:59:49.549"></status>
</kw>
<kw name="Input Text" library="AppiumLibrary">
<doc>Types the given `text` into text field identified by `locator`.</doc>
<arguments>
<arg>//*[@content-desc='mobile']</arg>
<arg>6238143742</arg>
</arguments>
<msg timestamp="20210127 17:59:49.551" level="INFO">Typing text '6238143742' into text field '//*[@content-desc='mobile']'</msg>
<status status="PASS" starttime="20210127 17:59:49.550" endtime="20210127 17:59:50.864"></status>
</kw>
<kw name="Is Keyboard Shown" library="AppiumLibrary">
<doc>Return true if Android keyboard is displayed or False if not displayed
No parameters are used.</doc>
<assign>
<var>${keyboard}</var>
</assign>
<msg timestamp="20210127 17:59:52.879" level="INFO">${keyboard} = True</msg>
<status status="PASS" starttime="20210127 17:59:50.865" endtime="20210127 17:59:52.879"></status>
</kw>
<kw name="Run Keyword If" library="BuiltIn">
<doc>Runs the given keyword with the given arguments, if ``condition`` is true.</doc>
<arguments>
<arg>'${keyboard}'=='True'</arg>
<arg>Hide Keyboard</arg>
</arguments>
<kw name="Hide Keyboard" library="AppiumLibrary">
<doc>Hides the software keyboard on the device. (optional) In iOS, use `key_name` to press
a particular key, ex. `Done`. In Android, no parameters are used.</doc>
<status status="PASS" starttime="20210127 17:59:52.880" endtime="20210127 17:59:56.771"></status>
</kw>
<status status="PASS" starttime="20210127 17:59:52.879" endtime="20210127 17:59:56.771"></status>
</kw>
<kw name="Click Element" library="AppiumLibrary">
<doc>Click element identified by `locator`.</doc>
<arguments>
<arg>//*[@text='CONTINUE']</arg>
</arguments>
<msg timestamp="20210127 17:59:56.774" level="INFO">Clicking element '//*[@text='CONTINUE']'.</msg>
<status status="PASS" starttime="20210127 17:59:56.772" endtime="20210127 17:59:56.913"></status>
</kw>
<kw name="Wait Until Page Contains Element" library="AppiumLibrary">
<doc>Waits until element specified with `locator` appears on current page.</doc>
<arguments>
<arg>//*[@text='GOOGLE']</arg>
</arguments>
<status status="PASS" starttime="20210127 17:59:56.913" endtime="20210127 18:00:05.262"></status>
</kw>
<kw name="Click Element" library="AppiumLibrary">
<doc>Click element identified by `locator`.</doc>
<arguments>
<arg>//*[@text='GOOGLE']</arg>
</arguments>
<msg timestamp="20210127 18:00:05.264" level="INFO">Clicking element '//*[@text='GOOGLE']'.</msg>
<status status="PASS" starttime="20210127 18:00:05.262" endtime="20210127 18:00:05.423"></status>
</kw>
<kw name="Wait Until Page Contains Element" library="AppiumLibrary">
<doc>Waits until element specified with `locator` appears on current page.</doc>
<arguments>
<arg>//*[@text='aminasr1998@gmail.com']</arg>
</arguments>
<status status="PASS" starttime="20210127 18:00:05.424" endtime="20210127 18:00:11.277"></status>
</kw>
<kw name="Click Element" library="AppiumLibrary">
<doc>Click element identified by `locator`.</doc>
<arguments>
<arg>//*[@text='aminasr1998@gmail.com']</arg>
</arguments>
<msg timestamp="20210127 18:00:11.279" level="INFO">Clicking element '//*[@text='aminasr1998@gmail.com']'.</msg>
<status status="PASS" starttime="20210127 18:00:11.278" endtime="20210127 18:00:11.404"></status>
</kw>
<status status="PASS" starttime="20210127 17:59:27.287" endtime="20210127 18:00:11.405" critical="yes"></status>
</test>
<status status="PASS" starttime="20210127 17:59:26.996" endtime="20210127 18:00:11.406"></status>
</suite>
<status status="PASS" starttime="20210127 17:59:26.991" endtime="20210127 18:00:11.408"></status>
</suite>
<status status="PASS" starttime="20210127 17:59:26.942" endtime="20210127 18:00:11.411"></status>
</suite>
<statistics>
<total>
<stat pass="1" fail="0">Critical Tests</stat>
<stat pass="1" fail="0">All Tests</stat>
</total>
<tag>
</tag>
<suite>
<stat pass="1" fail="0" id="s1" name="Appium Project">Appium Project</stat>
<stat pass="1" fail="0" id="s1-s1" name="myTS">Appium Project.myTS</stat>
<stat pass="1" fail="0" id="s1-s1-s1" name="Login Suite">Appium Project.myTS.Login Suite</stat>
</suite>
</statistics>
<errors>
</errors>
</robot>
